                      :-) GROMACS - gmx mdrun, 2019.1 (-:

                            GROMACS is written by:
     Emile Apol      Rossen Apostolov      Paul Bauer     Herman J.C. Berendsen
    Par Bjelkmar      Christian Blau   Viacheslav Bolnykh     Kevin Boyd    
 Aldert van Buuren   Rudi van Drunen     Anton Feenstra       Alan Gray     
  Gerrit Groenhof     Anca Hamuraru    Vincent Hindriksen  M. Eric Irrgang  
  Aleksei Iupinov   Christoph Junghans     Joe Jordan     Dimitrios Karkoulis
    Peter Kasson        Jiri Kraus      Carsten Kutzner      Per Larsson    
  Justin A. Lemkul    Viveca Lindahl    Magnus Lundborg     Erik Marklund   
    Pascal Merz     Pieter Meulenhoff    Teemu Murtola       Szilard Pall   
    Sander Pronk      Roland Schulz      Michael Shirts    Alexey Shvetsov  
   Alfons Sijbers     Peter Tieleman      Jon Vincent      Teemu Virolainen 
 Christian Wennberg    Maarten Wolf   
                           and the project leaders:
        Mark Abraham, Berk Hess, Erik Lindahl, and David van der Spoel

Copyright (c) 1991-2000, University of Groningen, The Netherlands.
Copyright (c) 2001-2018, The GROMACS development team at
Uppsala University, Stockholm University and
the Royal Institute of Technology, Sweden.
check out http://www.gromacs.org for more information.

GROMACS is free software; you can redistribute it and/or modify it
under the terms of the GNU Lesser General Public License
as published by the Free Software Foundation; either version 2.1
of the License, or (at your option) any later version.

GROMACS:      gmx mdrun, version 2019.1
Executable:   /usr/local/gromacs/bin/gmx
Data prefix:  /usr/local/gromacs
Working dir:  /home/bio/Desktop/Kasra/quorum-sensing/Phloretin/md
Process ID:   4556
Command line:
  gmx mdrun -v -deffnm nvt

GROMACS version:    2019.1
Precision:          single
Memory model:       64 bit
MPI library:        thread_mpi
OpenMP support:     enabled (GMX_OPENMP_MAX_THREADS = 64)
GPU support:        CUDA
SIMD instructions:  SSE4.1
FFT library:        fftw-3.3.8-sse2
RDTSCP usage:       enabled
TNG support:        enabled
Hwloc support:      disabled
Tracing support:    disabled
C compiler:         /usr/bin/cc GNU 5.4.0
C compiler flags:    -msse4.1     -O3 -DNDEBUG -funroll-all-loops -fexcess-precision=fast  
C++ compiler:       /usr/bin/c++ GNU 5.4.0
C++ compiler flags:  -msse4.1    -std=c++11   -O3 -DNDEBUG -funroll-all-loops -fexcess-precision=fast  
CUDA compiler:      /usr/local/cuda/bin/nvcc nvcc: NVIDIA (R) Cuda compiler driver;Copyright (c) 2005-2016 NVIDIA Corporation;Built on Tue_Jan_10_13:22:03_CST_2017;Cuda compilation tools, release 8.0, V8.0.61
CUDA compiler flags:-gencode;arch=compute_30,code=sm_30;-gencode;arch=compute_35,code=sm_35;-gencode;arch=compute_37,code=sm_37;-gencode;arch=compute_50,code=sm_50;-gencode;arch=compute_52,code=sm_52;-gencode;arch=compute_60,code=sm_60;-gencode;arch=compute_61,code=sm_61;-gencode;arch=compute_60,code=compute_60;-gencode;arch=compute_61,code=compute_61;-use_fast_math;-D_FORCE_INLINES;; ;-msse4.1;-std=c++11;-O3;-DNDEBUG;-funroll-all-loops;-fexcess-precision=fast;
CUDA driver:        9.0
CUDA runtime:       8.0


Running on 1 node with total 8 cores, 8 logical cores, 0 compatible GPUs
Hardware detected:
  CPU info:
    Vendor: Intel
    Brand:  Intel(R) Core(TM) i7 CPU         930  @ 2.80GHz
    Family: 6   Model: 26   Stepping: 5
    Features: apic clfsh cmov cx8 cx16 htt intel lahf mmx msr nonstop_tsc pdcm popcnt pse rdtscp sse2 sse3 sse4.1 sse4.2 ssse3
  Hardware topology: Only logical processor count
  GPU info:
    Number of GPUs detected: 1
    #0: NVIDIA GeForce GT 430, compute cap.: 2.1, ECC:  no, stat: incompatible


++++ PLEASE READ AND CITE THE FOLLOWING REFERENCE ++++
M. J. Abraham, T. Murtola, R. Schulz, S. Páll, J. C. Smith, B. Hess, E.
Lindahl
GROMACS: High performance molecular simulations through multi-level
parallelism from laptops to supercomputers
SoftwareX 1 (2015) pp. 19-25
-------- -------- --- Thank You --- -------- --------


++++ PLEASE READ AND CITE THE FOLLOWING REFERENCE ++++
S. Páll, M. J. Abraham, C. Kutzner, B. Hess, E. Lindahl
Tackling Exascale Software Challenges in Molecular Dynamics Simulations with
GROMACS
In S. Markidis & E. Laure (Eds.), Solving Software Challenges for Exascale 8759 (2015) pp. 3-27
-------- -------- --- Thank You --- -------- --------


++++ PLEASE READ AND CITE THE FOLLOWING REFERENCE ++++
S. Pronk, S. Páll, R. Schulz, P. Larsson, P. Bjelkmar, R. Apostolov, M. R.
Shirts, J. C. Smith, P. M. Kasson, D. van der Spoel, B. Hess, and E. Lindahl
GROMACS 4.5: a high-throughput and highly parallel open source molecular
simulation toolkit
Bioinformatics 29 (2013) pp. 845-54
-------- -------- --- Thank You --- -------- --------


++++ PLEASE READ AND CITE THE FOLLOWING REFERENCE ++++
B. Hess and C. Kutzner and D. van der Spoel and E. Lindahl
GROMACS 4: Algorithms for highly efficient, load-balanced, and scalable
molecular simulation
J. Chem. Theory Comput. 4 (2008) pp. 435-447
-------- -------- --- Thank You --- -------- --------


++++ PLEASE READ AND CITE THE FOLLOWING REFERENCE ++++
D. van der Spoel, E. Lindahl, B. Hess, G. Groenhof, A. E. Mark and H. J. C.
Berendsen
GROMACS: Fast, Flexible and Free
J. Comp. Chem. 26 (2005) pp. 1701-1719
-------- -------- --- Thank You --- -------- --------


++++ PLEASE READ AND CITE THE FOLLOWING REFERENCE ++++
E. Lindahl and B. Hess and D. van der Spoel
GROMACS 3.0: A package for molecular simulation and trajectory analysis
J. Mol. Mod. 7 (2001) pp. 306-317
-------- -------- --- Thank You --- -------- --------


++++ PLEASE READ AND CITE THE FOLLOWING REFERENCE ++++
H. J. C. Berendsen, D. van der Spoel and R. van Drunen
GROMACS: A message-passing parallel molecular dynamics implementation
Comp. Phys. Comm. 91 (1995) pp. 43-56
-------- -------- --- Thank You --- -------- --------


++++ PLEASE CITE THE DOI FOR THIS VERSION OF GROMACS ++++
https://doi.org/10.5281/zenodo.2564764
-------- -------- --- Thank You --- -------- --------

Input Parameters:
   integrator                     = md
   tinit                          = 0
   dt                             = 0.002
   nsteps                         = 50000
   init-step                      = 0
   simulation-part                = 1
   comm-mode                      = Linear
   nstcomm                        = 100
   bd-fric                        = 0
   ld-seed                        = -307733284
   emtol                          = 10
   emstep                         = 0.01
   niter                          = 20
   fcstep                         = 0
   nstcgsteep                     = 1000
   nbfgscorr                      = 10
   rtpi                           = 0.05
   nstxout                        = 0
   nstvout                        = 0
   nstfout                        = 0
   nstlog                         = 500
   nstcalcenergy                  = 100
   nstenergy                      = 500
   nstxout-compressed             = 500
   compressed-x-precision         = 1000
   cutoff-scheme                  = Verlet
   nstlist                        = 20
   ns-type                        = Grid
   pbc                            = xyz
   periodic-molecules             = false
   verlet-buffer-tolerance        = 0.005
   rlist                          = 1.221
   coulombtype                    = PME
   coulomb-modifier               = Potential-shift
   rcoulomb-switch                = 0
   rcoulomb                       = 1.2
   epsilon-r                      = 1
   epsilon-rf                     = inf
   vdw-type                       = Cut-off
   vdw-modifier                   = Force-switch
   rvdw-switch                    = 1
   rvdw                           = 1.2
   DispCorr                       = No
   table-extension                = 1
   fourierspacing                 = 0.16
   fourier-nx                     = 60
   fourier-ny                     = 60
   fourier-nz                     = 60
   pme-order                      = 4
   ewald-rtol                     = 1e-05
   ewald-rtol-lj                  = 0.001
   lj-pme-comb-rule               = Geometric
   ewald-geometry                 = 0
   epsilon-surface                = 0
   tcoupl                         = V-rescale
   nsttcouple                     = 20
   nh-chain-length                = 0
   print-nose-hoover-chain-variables = false
   pcoupl                         = No
   pcoupltype                     = Isotropic
   nstpcouple                     = -1
   tau-p                          = 1
   compressibility (3x3):
      compressibility[    0]={ 0.00000e+00,  0.00000e+00,  0.00000e+00}
      compressibility[    1]={ 0.00000e+00,  0.00000e+00,  0.00000e+00}
      compressibility[    2]={ 0.00000e+00,  0.00000e+00,  0.00000e+00}
   ref-p (3x3):
      ref-p[    0]={ 0.00000e+00,  0.00000e+00,  0.00000e+00}
      ref-p[    1]={ 0.00000e+00,  0.00000e+00,  0.00000e+00}
      ref-p[    2]={ 0.00000e+00,  0.00000e+00,  0.00000e+00}
   refcoord-scaling               = No
   posres-com (3):
      posres-com[0]= 0.00000e+00
      posres-com[1]= 0.00000e+00
      posres-com[2]= 0.00000e+00
   posres-comB (3):
      posres-comB[0]= 0.00000e+00
      posres-comB[1]= 0.00000e+00
      posres-comB[2]= 0.00000e+00
   QMMM                           = false
   QMconstraints                  = 0
   QMMMscheme                     = 0
   MMChargeScaleFactor            = 1
qm-opts:
   ngQM                           = 0
   constraint-algorithm           = Lincs
   continuation                   = false
   Shake-SOR                      = false
   shake-tol                      = 0.0001
   lincs-order                    = 4
   lincs-iter                     = 1
   lincs-warnangle                = 30
   nwall                          = 0
   wall-type                      = 9-3
   wall-r-linpot                  = -1
   wall-atomtype[0]               = -1
   wall-atomtype[1]               = -1
   wall-density[0]                = 0
   wall-density[1]                = 0
   wall-ewald-zfac                = 3
   pull                           = false
   awh                            = false
   rotation                       = false
   interactiveMD                  = false
   disre                          = No
   disre-weighting                = Conservative
   disre-mixed                    = false
   dr-fc                          = 1000
   dr-tau                         = 0
   nstdisreout                    = 100
   orire-fc                       = 0
   orire-tau                      = 0
   nstorireout                    = 100
   free-energy                    = no
   cos-acceleration               = 0
   deform (3x3):
      deform[    0]={ 0.00000e+00,  0.00000e+00,  0.00000e+00}
      deform[    1]={ 0.00000e+00,  0.00000e+00,  0.00000e+00}
      deform[    2]={ 0.00000e+00,  0.00000e+00,  0.00000e+00}
   simulated-tempering            = false
   swapcoords                     = no
   userint1                       = 0
   userint2                       = 0
   userint3                       = 0
   userint4                       = 0
   userreal1                      = 0
   userreal2                      = 0
   userreal3                      = 0
   userreal4                      = 0
   applied-forces:
     electric-field:
       x:
         E0                       = 0
         omega                    = 0
         t0                       = 0
         sigma                    = 0
       y:
         E0                       = 0
         omega                    = 0
         t0                       = 0
         sigma                    = 0
       z:
         E0                       = 0
         omega                    = 0
         t0                       = 0
         sigma                    = 0
grpopts:
   nrdf:     9666.75      106047
   ref-t:         300         300
   tau-t:         0.1         0.1
annealing:          No          No
annealing-npoints:           0           0
   acc:	           0           0           0
   nfreeze:           N           N           N
   energygrp-flags[  0]: 0

Changing nstlist from 20 to 80, rlist from 1.221 to 1.318

Using 1 MPI thread
Using 8 OpenMP threads 

Pinning threads with an auto-selected logical core stride of 1
System total charge: 0.000
Will do PME sum in reciprocal space for electrostatic interactions.

++++ PLEASE READ AND CITE THE FOLLOWING REFERENCE ++++
U. Essmann, L. Perera, M. L. Berkowitz, T. Darden, H. Lee and L. G. Pedersen 
A smooth particle mesh Ewald method
J. Chem. Phys. 103 (1995) pp. 8577-8592
-------- -------- --- Thank You --- -------- --------

Using a Gaussian width (1/beta) of 0.384195 nm for Ewald
Potential shift: LJ r^-12: -2.648e-01 r^-6: -5.349e-01, Ewald -8.333e-06
Initialized non-bonded Ewald correction tables, spacing: 1.02e-03 size: 1176

Generated table with 1159 data points for 1-4 COUL.
Tabscale = 500 points/nm
Generated table with 1159 data points for 1-4 LJ6.
Tabscale = 500 points/nm
Generated table with 1159 data points for 1-4 LJ12.
Tabscale = 500 points/nm

Using SIMD 4x4 nonbonded short-range kernels

Using a dual 4x4 pair-list setup updated with dynamic pruning:
  outer list: updated every 80 steps, buffer 0.118 nm, rlist 1.318 nm
  inner list: updated every 13 steps, buffer 0.001 nm, rlist 1.201 nm
At tolerance 0.005 kJ/mol/ps per atom, equivalent classical 1x1 list would be:
  outer list: updated every 80 steps, buffer 0.262 nm, rlist 1.462 nm
  inner list: updated every 13 steps, buffer 0.051 nm, rlist 1.251 nm

Removing pbc first time

Initializing LINear Constraint Solver

++++ PLEASE READ AND CITE THE FOLLOWING REFERENCE ++++
B. Hess and H. Bekker and H. J. C. Berendsen and J. G. E. M. Fraaije
LINCS: A Linear Constraint Solver for molecular simulations
J. Comp. Chem. 18 (1997) pp. 1463-1472
-------- -------- --- Thank You --- -------- --------

The number of constraints is 1913

++++ PLEASE READ AND CITE THE FOLLOWING REFERENCE ++++
S. Miyamoto and P. A. Kollman
SETTLE: An Analytical Version of the SHAKE and RATTLE Algorithms for Rigid
Water Models
J. Comp. Chem. 13 (1992) pp. 952-962
-------- -------- --- Thank You --- -------- --------

Center of mass motion removal mode is Linear
We have the following groups for center of mass motion removal:
  0:  rest

++++ PLEASE READ AND CITE THE FOLLOWING REFERENCE ++++
G. Bussi, D. Donadio and M. Parrinello
Canonical sampling through velocity rescaling
J. Chem. Phys. 126 (2007) pp. 014101
-------- -------- --- Thank You --- -------- --------

There are: 56882 Atoms

Constraining the starting coordinates (step 0)

Constraining the coordinates at t0-dt (step 0)
RMS relative constraint deviation after constraining: 3.36e-06
Initial temperature: 300.423 K

Started mdrun on rank 0 Tue Feb 18 12:11:29 2020

           Step           Time
              0        0.00000

   Energies (kJ/mol)
           Bond            U-B    Proper Dih.  Improper Dih.      CMAP Dih.
    9.37893e+02    3.24763e+03    9.25010e+03    1.57482e+02   -3.88745e+02
          LJ-14     Coulomb-14        LJ (SR)   Coulomb (SR)   Coul. recip.
    3.33583e+03    3.92238e+04    7.02828e+04   -9.78320e+05    3.26405e+03
 Position Rest.      Potential    Kinetic En.   Total Energy  Conserved En.
    2.10034e-03   -8.49009e+05    1.44566e+05   -7.04443e+05   -7.04443e+05
    Temperature Pressure (bar)   Constr. rmsd
    3.00522e+02   -4.40521e+03    3.32127e-06

           Step           Time
            500        1.00000

   Energies (kJ/mol)
           Bond            U-B    Proper Dih.  Improper Dih.      CMAP Dih.
    3.01230e+03    8.54864e+03    9.86565e+03    5.07186e+02   -2.39021e+02
          LJ-14     Coulomb-14        LJ (SR)   Coulomb (SR)   Coul. recip.
    3.46908e+03    3.88590e+04    7.05301e+04   -8.75806e+05    2.74232e+03
 Position Rest.      Potential    Kinetic En.   Total Energy  Conserved En.
    1.43899e+03   -7.37072e+05    1.41680e+05   -5.95392e+05   -7.03215e+05
    Temperature Pressure (bar)   Constr. rmsd
    2.94522e+02   -1.18690e+03    3.20790e-06

           Step           Time
           1000        2.00000

   Energies (kJ/mol)
           Bond            U-B    Proper Dih.  Improper Dih.      CMAP Dih.
    3.01149e+03    8.60171e+03    9.95995e+03    5.45385e+02   -2.15934e+02
          LJ-14     Coulomb-14        LJ (SR)   Coulomb (SR)   Coul. recip.
    3.52438e+03    3.89049e+04    7.06954e+04   -8.73518e+05    2.78758e+03
 Position Rest.      Potential    Kinetic En.   Total Energy  Conserved En.
    1.33363e+03   -7.34370e+05    1.44773e+05   -5.89597e+05   -7.03184e+05
    Temperature Pressure (bar)   Constr. rmsd
    3.00952e+02   -6.95665e+02    3.28184e-06

           Step           Time
           1500        3.00000

   Energies (kJ/mol)
           Bond            U-B    Proper Dih.  Improper Dih.      CMAP Dih.
    3.28590e+03    8.57765e+03    9.88193e+03    5.18936e+02   -2.72329e+02
          LJ-14     Coulomb-14        LJ (SR)   Coulomb (SR)   Coul. recip.
    3.52145e+03    3.88094e+04    6.89654e+04   -8.69151e+05    2.78748e+03
 Position Rest.      Potential    Kinetic En.   Total Energy  Conserved En.
    1.32982e+03   -7.31746e+05    1.45306e+05   -5.86440e+05   -7.03181e+05
    Temperature Pressure (bar)   Constr. rmsd
    3.02060e+02   -6.40119e+02    3.19317e-06

           Step           Time
           2000        4.00000

   Energies (kJ/mol)
           Bond            U-B    Proper Dih.  Improper Dih.      CMAP Dih.
    3.27863e+03    8.73407e+03    9.74284e+03    5.58667e+02   -2.41727e+02
          LJ-14     Coulomb-14        LJ (SR)   Coulomb (SR)   Coul. recip.
    3.49091e+03    3.87175e+04    7.04150e+04   -8.72144e+05    2.71481e+03
 Position Rest.      Potential    Kinetic En.   Total Energy  Conserved En.
    1.30766e+03   -7.33426e+05    1.45533e+05   -5.87892e+05   -7.03172e+05
    Temperature Pressure (bar)   Constr. rmsd
    3.02532e+02   -5.38892e+02    3.39528e-06

           Step           Time
           2500        5.00000

   Energies (kJ/mol)
           Bond            U-B    Proper Dih.  Improper Dih.      CMAP Dih.
    3.03449e+03    8.69895e+03    9.87478e+03    5.10247e+02   -2.94888e+02
          LJ-14     Coulomb-14        LJ (SR)   Coulomb (SR)   Coul. recip.
    3.49636e+03    3.86592e+04    6.82348e+04   -8.69558e+05    2.75642e+03
 Position Rest.      Potential    Kinetic En.   Total Energy  Conserved En.
    1.23225e+03   -7.33355e+05    1.43362e+05   -5.89993e+05   -7.03143e+05
    Temperature Pressure (bar)   Constr. rmsd
    2.98020e+02   -8.58947e+02    3.37580e-06

           Step           Time
           3000        6.00000

   Energies (kJ/mol)
           Bond            U-B    Proper Dih.  Improper Dih.      CMAP Dih.
    3.41012e+03    8.86237e+03    9.66993e+03    5.07159e+02   -2.74634e+02
          LJ-14     Coulomb-14        LJ (SR)   Coulomb (SR)   Coul. recip.
    3.36797e+03    3.83259e+04    6.88806e+04   -8.70209e+05    2.79562e+03
 Position Rest.      Potential    Kinetic En.   Total Energy  Conserved En.
    1.27297e+03   -7.33391e+05    1.44237e+05   -5.89154e+05   -7.03113e+05
    Temperature Pressure (bar)   Constr. rmsd
    2.99839e+02   -6.22799e+02    3.29291e-06

           Step           Time
           3500        7.00000

   Energies (kJ/mol)
           Bond            U-B    Proper Dih.  Improper Dih.      CMAP Dih.
    3.20759e+03    8.72456e+03    9.85606e+03    5.09213e+02   -2.63948e+02
          LJ-14     Coulomb-14        LJ (SR)   Coulomb (SR)   Coul. recip.
    3.58704e+03    3.87075e+04    6.98475e+04   -8.71695e+05    2.75273e+03
 Position Rest.      Potential    Kinetic En.   Total Energy  Conserved En.
    1.22506e+03   -7.33541e+05    1.44889e+05   -5.88652e+05   -7.03116e+05
    Temperature Pressure (bar)   Constr. rmsd
    3.01194e+02   -4.80009e+02    3.22517e-06

           Step           Time
           4000        8.00000

   Energies (kJ/mol)
           Bond            U-B    Proper Dih.  Improper Dih.      CMAP Dih.
    3.26921e+03    8.95632e+03    9.77534e+03    5.17398e+02   -2.38175e+02
          LJ-14     Coulomb-14        LJ (SR)   Coulomb (SR)   Coul. recip.
    3.45459e+03    3.84627e+04    6.92966e+04   -8.69745e+05    2.83854e+03
 Position Rest.      Potential    Kinetic En.   Total Energy  Conserved En.
    1.21379e+03   -7.32199e+05    1.45095e+05   -5.87104e+05   -7.03130e+05
    Temperature Pressure (bar)   Constr. rmsd
    3.01621e+02   -7.68064e+02    3.32308e-06

           Step           Time
           4500        9.00000

   Energies (kJ/mol)
           Bond            U-B    Proper Dih.  Improper Dih.      CMAP Dih.
    3.16279e+03    8.99292e+03    9.60551e+03    5.29123e+02   -2.49342e+02
          LJ-14     Coulomb-14        LJ (SR)   Coulomb (SR)   Coul. recip.
    3.46242e+03    3.87814e+04    6.84498e+04   -8.69318e+05    2.79067e+03
 Position Rest.      Potential    Kinetic En.   Total Energy  Conserved En.
    1.15611e+03   -7.32637e+05    1.45102e+05   -5.87535e+05   -7.03091e+05
    Temperature Pressure (bar)   Constr. rmsd
    3.01636e+02   -1.13036e+03    3.32190e-06

           Step           Time
           5000       10.00000

   Energies (kJ/mol)
           Bond            U-B    Proper Dih.  Improper Dih.      CMAP Dih.
    3.17357e+03    8.74609e+03    9.73860e+03    4.72234e+02   -3.07225e+02
          LJ-14     Coulomb-14        LJ (SR)   Coulomb (SR)   Coul. recip.
    3.42300e+03    3.87591e+04    7.00379e+04   -8.73350e+05    2.80285e+03
 Position Rest.      Potential    Kinetic En.   Total Energy  Conserved En.
    1.22905e+03   -7.35275e+05    1.43778e+05   -5.91496e+05   -7.03096e+05
    Temperature Pressure (bar)   Constr. rmsd
    2.98885e+02   -6.32562e+02    3.30996e-06

           Step           Time
           5500       11.00000

   Energies (kJ/mol)
           Bond            U-B    Proper Dih.  Improper Dih.      CMAP Dih.
    3.26214e+03    8.91229e+03    9.65840e+03    5.03949e+02   -2.97364e+02
          LJ-14     Coulomb-14        LJ (SR)   Coulomb (SR)   Coul. recip.
    3.44790e+03    3.87921e+04    6.81530e+04   -8.69304e+05    2.80004e+03
 Position Rest.      Potential    Kinetic En.   Total Energy  Conserved En.
    1.24969e+03   -7.32822e+05    1.44251e+05   -5.88571e+05   -7.03068e+05
    Temperature Pressure (bar)   Constr. rmsd
    2.99867e+02   -7.51593e+02    3.51563e-06

           Step           Time
           6000       12.00000

   Energies (kJ/mol)
           Bond            U-B    Proper Dih.  Improper Dih.      CMAP Dih.
    3.15324e+03    8.98939e+03    9.61181e+03    4.75380e+02   -2.63678e+02
          LJ-14     Coulomb-14        LJ (SR)   Coulomb (SR)   Coul. recip.
    3.50105e+03    3.88067e+04    6.94890e+04   -8.71794e+05    2.71283e+03
 Position Rest.      Potential    Kinetic En.   Total Energy  Conserved En.
    1.21016e+03   -7.34108e+05    1.45335e+05   -5.88772e+05   -7.03104e+05
    Temperature Pressure (bar)   Constr. rmsd
    3.02121e+02   -1.03868e+03    3.47931e-06

           Step           Time
           6500       13.00000

   Energies (kJ/mol)
           Bond            U-B    Proper Dih.  Improper Dih.      CMAP Dih.
    3.24872e+03    8.80393e+03    9.75687e+03    5.56371e+02   -2.85140e+02
          LJ-14     Coulomb-14        LJ (SR)   Coulomb (SR)   Coul. recip.
    3.34923e+03    3.84721e+04    6.86032e+04   -8.70795e+05    2.82299e+03
 Position Rest.      Potential    Kinetic En.   Total Energy  Conserved En.
    1.29132e+03   -7.34176e+05    1.44339e+05   -5.89837e+05   -7.03092e+05
    Temperature Pressure (bar)   Constr. rmsd
    3.00050e+02   -9.08523e+02    3.36492e-06

           Step           Time
           7000       14.00000

   Energies (kJ/mol)
           Bond            U-B    Proper Dih.  Improper Dih.      CMAP Dih.
    3.01256e+03    8.91114e+03    9.80191e+03    4.43041e+02   -2.86935e+02
          LJ-14     Coulomb-14        LJ (SR)   Coulomb (SR)   Coul. recip.
    3.42354e+03    3.86261e+04    6.89227e+04   -8.70461e+05    2.78617e+03
 Position Rest.      Potential    Kinetic En.   Total Energy  Conserved En.
    1.19125e+03   -7.33630e+05    1.43871e+05   -5.89759e+05   -7.03078e+05
    Temperature Pressure (bar)   Constr. rmsd
    2.99077e+02   -7.10695e+02    3.29231e-06

           Step           Time
           7500       15.00000

   Energies (kJ/mol)
           Bond            U-B    Proper Dih.  Improper Dih.      CMAP Dih.
    3.12449e+03    8.64823e+03    9.63175e+03    4.69785e+02   -3.17419e+02
          LJ-14     Coulomb-14        LJ (SR)   Coulomb (SR)   Coul. recip.
    3.44065e+03    3.88574e+04    6.86855e+04   -8.71319e+05    2.72876e+03
 Position Rest.      Potential    Kinetic En.   Total Energy  Conserved En.
    1.15864e+03   -7.34891e+05    1.45125e+05   -5.89766e+05   -7.03082e+05
    Temperature Pressure (bar)   Constr. rmsd
    3.01685e+02   -1.09276e+03    3.32498e-06

           Step           Time
           8000       16.00000

   Energies (kJ/mol)
           Bond            U-B    Proper Dih.  Improper Dih.      CMAP Dih.
    3.48363e+03    8.68691e+03    9.67677e+03    4.77253e+02   -3.11860e+02
          LJ-14     Coulomb-14        LJ (SR)   Coulomb (SR)   Coul. recip.
    3.37790e+03    3.87698e+04    6.86048e+04   -8.70655e+05    2.86514e+03
 Position Rest.      Potential    Kinetic En.   Total Energy  Conserved En.
    1.28702e+03   -7.33738e+05    1.45417e+05   -5.88321e+05   -7.03061e+05
    Temperature Pressure (bar)   Constr. rmsd
    3.02290e+02   -9.19749e+02    3.37889e-06

           Step           Time
           8500       17.00000

   Energies (kJ/mol)
           Bond            U-B    Proper Dih.  Improper Dih.      CMAP Dih.
    3.14459e+03    8.68273e+03    9.72894e+03    4.65378e+02   -2.88046e+02
          LJ-14     Coulomb-14        LJ (SR)   Coulomb (SR)   Coul. recip.
    3.53172e+03    3.88764e+04    6.81049e+04   -8.70410e+05    2.82689e+03
 Position Rest.      Potential    Kinetic En.   Total Energy  Conserved En.
    1.16386e+03   -7.34173e+05    1.44799e+05   -5.89373e+05   -7.03055e+05
    Temperature Pressure (bar)   Constr. rmsd
    3.01007e+02   -1.00394e+03    3.17268e-06

           Step           Time
           9000       18.00000

   Energies (kJ/mol)
           Bond            U-B    Proper Dih.  Improper Dih.      CMAP Dih.
    3.27045e+03    8.51329e+03    9.89420e+03    5.11508e+02   -2.76317e+02
          LJ-14     Coulomb-14        LJ (SR)   Coulomb (SR)   Coul. recip.
    3.36793e+03    3.86627e+04    6.98782e+04   -8.71911e+05    2.77574e+03
 Position Rest.      Potential    Kinetic En.   Total Energy  Conserved En.
    1.21484e+03   -7.34099e+05    1.43010e+05   -5.91088e+05   -7.03046e+05
    Temperature Pressure (bar)   Constr. rmsd
    2.97287e+02   -9.91832e+02    3.26763e-06

           Step           Time
           9500       19.00000

   Energies (kJ/mol)
           Bond            U-B    Proper Dih.  Improper Dih.      CMAP Dih.
    3.31072e+03    8.58098e+03    9.86967e+03    5.77194e+02   -3.07123e+02
          LJ-14     Coulomb-14        LJ (SR)   Coulomb (SR)   Coul. recip.
    3.45390e+03    3.87783e+04    7.01647e+04   -8.71213e+05    2.69244e+03
 Position Rest.      Potential    Kinetic En.   Total Energy  Conserved En.
    1.20786e+03   -7.32884e+05    1.44809e+05   -5.88075e+05   -7.03013e+05
    Temperature Pressure (bar)   Constr. rmsd
    3.01027e+02   -5.79662e+02    3.33344e-06

           Step           Time
          10000       20.00000

   Energies (kJ/mol)
           Bond            U-B    Proper Dih.  Improper Dih.      CMAP Dih.
    3.30798e+03    8.63647e+03    9.78463e+03    4.38435e+02   -2.91317e+02
          LJ-14     Coulomb-14        LJ (SR)   Coulomb (SR)   Coul. recip.
    3.44666e+03    3.88538e+04    6.91597e+04   -8.71624e+05    2.79331e+03
 Position Rest.      Potential    Kinetic En.   Total Energy  Conserved En.
    1.20853e+03   -7.34286e+05    1.44849e+05   -5.89437e+05   -7.02993e+05
    Temperature Pressure (bar)   Constr. rmsd
    3.01110e+02   -6.14802e+02    3.19934e-06

           Step           Time
          10500       21.00000

   Energies (kJ/mol)
           Bond            U-B    Proper Dih.  Improper Dih.      CMAP Dih.
    3.21449e+03    8.71109e+03    9.67711e+03    4.47728e+02   -2.78940e+02
          LJ-14     Coulomb-14        LJ (SR)   Coulomb (SR)   Coul. recip.
    3.43461e+03    3.88301e+04    6.86482e+04   -8.71428e+05    2.77749e+03
 Position Rest.      Potential    Kinetic En.   Total Energy  Conserved En.
    1.16554e+03   -7.34801e+05    1.44917e+05   -5.89884e+05   -7.03015e+05
    Temperature Pressure (bar)   Constr. rmsd
    3.01252e+02   -9.61464e+02    3.57806e-06

           Step           Time
          11000       22.00000

   Energies (kJ/mol)
           Bond            U-B    Proper Dih.  Improper Dih.      CMAP Dih.
    3.31340e+03    8.81427e+03    9.80903e+03    5.30724e+02   -2.92817e+02
          LJ-14     Coulomb-14        LJ (SR)   Coulomb (SR)   Coul. recip.
    3.41996e+03    3.87664e+04    6.85373e+04   -8.70669e+05    2.84183e+03
 Position Rest.      Potential    Kinetic En.   Total Energy  Conserved En.
    1.09556e+03   -7.33833e+05    1.43948e+05   -5.89886e+05   -7.02984e+05
    Temperature Pressure (bar)   Constr. rmsd
    2.99236e+02   -5.71130e+02    3.44729e-06

           Step           Time
          11500       23.00000

   Energies (kJ/mol)
           Bond            U-B    Proper Dih.  Improper Dih.      CMAP Dih.
    3.05875e+03    8.91075e+03    9.67396e+03    4.83421e+02   -3.15166e+02
          LJ-14     Coulomb-14        LJ (SR)   Coulomb (SR)   Coul. recip.
    3.53412e+03    3.89660e+04    6.98840e+04   -8.72837e+05    2.79192e+03
 Position Rest.      Potential    Kinetic En.   Total Energy  Conserved En.
    1.13029e+03   -7.34719e+05    1.45190e+05   -5.89529e+05   -7.02991e+05
    Temperature Pressure (bar)   Constr. rmsd
    3.01820e+02   -5.83740e+02    3.48301e-06

           Step           Time
          12000       24.00000

   Energies (kJ/mol)
           Bond            U-B    Proper Dih.  Improper Dih.      CMAP Dih.
    3.33502e+03    9.11035e+03    9.75660e+03    5.31169e+02   -2.79433e+02
          LJ-14     Coulomb-14        LJ (SR)   Coulomb (SR)   Coul. recip.
    3.44089e+03    3.90583e+04    6.97606e+04   -8.72750e+05    2.80535e+03
 Position Rest.      Potential    Kinetic En.   Total Energy  Conserved En.
    1.17142e+03   -7.34060e+05    1.45091e+05   -5.88969e+05   -7.02950e+05
    Temperature Pressure (bar)   Constr. rmsd
    3.01614e+02   -7.93785e+02    3.46739e-06

           Step           Time
          12500       25.00000

   Energies (kJ/mol)
           Bond            U-B    Proper Dih.  Improper Dih.      CMAP Dih.
    3.10519e+03    8.89104e+03    9.67549e+03    5.25552e+02   -3.20404e+02
          LJ-14     Coulomb-14        LJ (SR)   Coulomb (SR)   Coul. recip.
    3.52548e+03    3.87044e+04    6.90948e+04   -8.71235e+05    2.79051e+03
 Position Rest.      Potential    Kinetic En.   Total Energy  Conserved En.
    1.18189e+03   -7.34061e+05    1.43631e+05   -5.90430e+05   -7.02973e+05
    Temperature Pressure (bar)   Constr. rmsd
    2.98579e+02   -5.13590e+02    3.15431e-06

           Step           Time
          13000       26.00000

   Energies (kJ/mol)
           Bond            U-B    Proper Dih.  Improper Dih.      CMAP Dih.
    3.16323e+03    8.62372e+03    9.65361e+03    5.16593e+02   -2.44033e+02
          LJ-14     Coulomb-14        LJ (SR)   Coulomb (SR)   Coul. recip.
    3.51431e+03    3.87297e+04    7.05910e+04   -8.73737e+05    2.81583e+03
 Position Rest.      Potential    Kinetic En.   Total Energy  Conserved En.
    1.15871e+03   -7.35215e+05    1.43532e+05   -5.91683e+05   -7.02967e+05
    Temperature Pressure (bar)   Constr. rmsd
    2.98372e+02   -9.38764e+02    3.36071e-06

           Step           Time
          13500       27.00000

   Energies (kJ/mol)
           Bond            U-B    Proper Dih.  Improper Dih.      CMAP Dih.
    3.13738e+03    8.91155e+03    9.77582e+03    4.48771e+02   -3.24189e+02
          LJ-14     Coulomb-14        LJ (SR)   Coulomb (SR)   Coul. recip.
    3.51262e+03    3.87840e+04    6.95714e+04   -8.73470e+05    2.77572e+03
 Position Rest.      Potential    Kinetic En.   Total Energy  Conserved En.
    1.10822e+03   -7.35768e+05    1.43105e+05   -5.92664e+05   -7.02942e+05
    Temperature Pressure (bar)   Constr. rmsd
    2.97484e+02   -7.65300e+02    3.44933e-06

           Step           Time
          14000       28.00000

   Energies (kJ/mol)
           Bond            U-B    Proper Dih.  Improper Dih.      CMAP Dih.
    3.13052e+03    9.09376e+03    9.74587e+03    4.66948e+02   -2.69127e+02
          LJ-14     Coulomb-14        LJ (SR)   Coulomb (SR)   Coul. recip.
    3.42619e+03    3.85053e+04    6.90142e+04   -8.72003e+05    2.81130e+03
 Position Rest.      Potential    Kinetic En.   Total Energy  Conserved En.
    1.11046e+03   -7.34967e+05    1.43832e+05   -5.91136e+05   -7.02924e+05
    Temperature Pressure (bar)   Constr. rmsd
    2.98995e+02   -8.35105e+02    3.16775e-06

           Step           Time
          14500       29.00000

   Energies (kJ/mol)
           Bond            U-B    Proper Dih.  Improper Dih.      CMAP Dih.
    3.28249e+03    8.84893e+03    9.69868e+03    5.11343e+02   -2.68625e+02
          LJ-14     Coulomb-14        LJ (SR)   Coulomb (SR)   Coul. recip.
    3.44394e+03    3.88948e+04    6.95690e+04   -8.72910e+05    2.74612e+03
 Position Rest.      Potential    Kinetic En.   Total Energy  Conserved En.
    1.12797e+03   -7.35056e+05    1.43348e+05   -5.91707e+05   -7.02933e+05
    Temperature Pressure (bar)   Constr. rmsd
    2.97990e+02   -9.96045e+02    3.39795e-06

           Step           Time
          15000       30.00000

   Energies (kJ/mol)
           Bond            U-B    Proper Dih.  Improper Dih.      CMAP Dih.
    3.19857e+03    8.95015e+03    9.66365e+03    4.82657e+02   -2.54322e+02
          LJ-14     Coulomb-14        LJ (SR)   Coulomb (SR)   Coul. recip.
    3.44674e+03    3.89250e+04    7.04703e+04   -8.72570e+05    2.77481e+03
 Position Rest.      Potential    Kinetic En.   Total Energy  Conserved En.
    1.10064e+03   -7.33811e+05    1.44495e+05   -5.89316e+05   -7.02928e+05
    Temperature Pressure (bar)   Constr. rmsd
    3.00374e+02   -8.49926e+02    3.35673e-06

           Step           Time
          15500       31.00000

   Energies (kJ/mol)
           Bond            U-B    Proper Dih.  Improper Dih.      CMAP Dih.
    3.16505e+03    8.79973e+03    9.75851e+03    5.00862e+02   -2.75461e+02
          LJ-14     Coulomb-14        LJ (SR)   Coulomb (SR)   Coul. recip.
    3.55924e+03    3.88275e+04    6.83126e+04   -8.70602e+05    2.69329e+03
 Position Rest.      Potential    Kinetic En.   Total Energy  Conserved En.
    1.15003e+03   -7.34110e+05    1.44968e+05   -5.89142e+05   -7.02930e+05
    Temperature Pressure (bar)   Constr. rmsd
    3.01358e+02   -6.41586e+02    3.35200e-06

Writing checkpoint, step 15840 at Tue Feb 18 12:26:30 2020


           Step           Time
          16000       32.00000

   Energies (kJ/mol)
           Bond            U-B    Proper Dih.  Improper Dih.      CMAP Dih.
    3.23152e+03    8.87441e+03    9.72448e+03    5.63709e+02   -2.56643e+02
          LJ-14     Coulomb-14        LJ (SR)   Coulomb (SR)   Coul. recip.
    3.43696e+03    3.89876e+04    6.89354e+04   -8.71045e+05    2.75638e+03
 Position Rest.      Potential    Kinetic En.   Total Energy  Conserved En.
    1.09339e+03   -7.33698e+05    1.44574e+05   -5.89124e+05   -7.02928e+05
    Temperature Pressure (bar)   Constr. rmsd
    3.00539e+02   -8.02291e+02    3.35255e-06

           Step           Time
          16500       33.00000

   Energies (kJ/mol)
           Bond            U-B    Proper Dih.  Improper Dih.      CMAP Dih.
    3.17480e+03    8.63285e+03    9.77183e+03    5.69093e+02   -3.36047e+02
          LJ-14     Coulomb-14        LJ (SR)   Coulomb (SR)   Coul. recip.
    3.55316e+03    3.89321e+04    6.98471e+04   -8.72322e+05    2.75268e+03
 Position Rest.      Potential    Kinetic En.   Total Energy  Conserved En.
    1.13523e+03   -7.34289e+05    1.43991e+05   -5.90298e+05   -7.02905e+05
    Temperature Pressure (bar)   Constr. rmsd
    2.99327e+02   -7.28513e+02    3.30233e-06

           Step           Time
          17000       34.00000

   Energies (kJ/mol)
           Bond            U-B    Proper Dih.  Improper Dih.      CMAP Dih.
    3.25778e+03    8.65518e+03    9.75979e+03    5.41526e+02   -2.63026e+02
          LJ-14     Coulomb-14        LJ (SR)   Coulomb (SR)   Coul. recip.
    3.43562e+03    3.88684e+04    6.81736e+04   -8.70535e+05    2.77041e+03
 Position Rest.      Potential    Kinetic En.   Total Energy  Conserved En.
    1.13050e+03   -7.34205e+05    1.42912e+05   -5.91293e+05   -7.02886e+05
    Temperature Pressure (bar)   Constr. rmsd
    2.97084e+02   -1.05351e+03    3.24942e-06

           Step           Time
          17500       35.00000

   Energies (kJ/mol)
           Bond            U-B    Proper Dih.  Improper Dih.      CMAP Dih.
    3.22650e+03    8.74485e+03    9.70954e+03    4.91142e+02   -2.68566e+02
          LJ-14     Coulomb-14        LJ (SR)   Coulomb (SR)   Coul. recip.
    3.48272e+03    3.86411e+04    7.04870e+04   -8.74350e+05    2.81683e+03
 Position Rest.      Potential    Kinetic En.   Total Energy  Conserved En.
    1.12262e+03   -7.35896e+05    1.43475e+05   -5.92420e+05   -7.02887e+05
    Temperature Pressure (bar)   Constr. rmsd
    2.98255e+02   -9.20525e+02    3.22415e-06

           Step           Time
          18000       36.00000

   Energies (kJ/mol)
           Bond            U-B    Proper Dih.  Improper Dih.      CMAP Dih.
    3.29792e+03    8.78500e+03    9.79708e+03    5.35408e+02   -3.04934e+02
          LJ-14     Coulomb-14        LJ (SR)   Coulomb (SR)   Coul. recip.
    3.41747e+03    3.87075e+04    6.92329e+04   -8.72013e+05    2.75610e+03
 Position Rest.      Potential    Kinetic En.   Total Energy  Conserved En.
    1.10248e+03   -7.34686e+05    1.44221e+05   -5.90465e+05   -7.02878e+05
    Temperature Pressure (bar)   Constr. rmsd
    2.99805e+02   -1.03363e+03    3.41429e-06

           Step           Time
          18500       37.00000

   Energies (kJ/mol)
           Bond            U-B    Proper Dih.  Improper Dih.      CMAP Dih.
    3.32590e+03    8.79859e+03    9.87636e+03    5.03741e+02   -2.45395e+02
          LJ-14     Coulomb-14        LJ (SR)   Coulomb (SR)   Coul. recip.
    3.42263e+03    3.86750e+04    6.87933e+04   -8.70709e+05    2.76651e+03
 Position Rest.      Potential    Kinetic En.   Total Energy  Conserved En.
    1.15138e+03   -7.33641e+05    1.45412e+05   -5.88229e+05   -7.02895e+05
    Temperature Pressure (bar)   Constr. rmsd
    3.02281e+02   -7.44606e+02    3.51128e-06

           Step           Time
          19000       38.00000

   Energies (kJ/mol)
           Bond            U-B    Proper Dih.  Improper Dih.      CMAP Dih.
    3.37388e+03    8.82606e+03    9.73588e+03    5.26702e+02   -2.68690e+02
          LJ-14     Coulomb-14        LJ (SR)   Coulomb (SR)   Coul. recip.
    3.43377e+03    3.86588e+04    6.98256e+04   -8.71553e+05    2.76952e+03
 Position Rest.      Potential    Kinetic En.   Total Energy  Conserved En.
    1.12087e+03   -7.33550e+05    1.44663e+05   -5.88888e+05   -7.02875e+05
    Temperature Pressure (bar)   Constr. rmsd
    3.00723e+02   -7.30532e+02    3.30663e-06

           Step           Time
          19500       39.00000

   Energies (kJ/mol)
           Bond            U-B    Proper Dih.  Improper Dih.      CMAP Dih.
    3.33005e+03    8.51849e+03    9.67156e+03    5.06727e+02   -2.86184e+02
          LJ-14     Coulomb-14        LJ (SR)   Coulomb (SR)   Coul. recip.
    3.49931e+03    3.86491e+04    7.11374e+04   -8.74089e+05    2.79203e+03
 Position Rest.      Potential    Kinetic En.   Total Energy  Conserved En.
    1.15395e+03   -7.35117e+05    1.43791e+05   -5.91326e+05   -7.02871e+05
    Temperature Pressure (bar)   Constr. rmsd
    2.98910e+02   -6.52055e+02    3.33468e-06

           Step           Time
          20000       40.00000

   Energies (kJ/mol)
           Bond            U-B    Proper Dih.  Improper Dih.      CMAP Dih.
    3.34216e+03    8.69155e+03    9.69298e+03    4.89555e+02   -2.82326e+02
          LJ-14     Coulomb-14        LJ (SR)   Coulomb (SR)   Coul. recip.
    3.43851e+03    3.86842e+04    6.76594e+04   -8.70429e+05    2.78162e+03
 Position Rest.      Potential    Kinetic En.   Total Energy  Conserved En.
    1.19940e+03   -7.34732e+05    1.43785e+05   -5.90947e+05   -7.02850e+05
    Temperature Pressure (bar)   Constr. rmsd
    2.98897e+02   -1.04772e+03    3.19141e-06

           Step           Time
          20500       41.00000

   Energies (kJ/mol)
           Bond            U-B    Proper Dih.  Improper Dih.      CMAP Dih.
    3.26806e+03    8.48206e+03    9.91072e+03    4.54510e+02   -3.46443e+02
          LJ-14     Coulomb-14        LJ (SR)   Coulomb (SR)   Coul. recip.
    3.46276e+03    3.86053e+04    6.83360e+04   -8.71291e+05    2.74852e+03
 Position Rest.      Potential    Kinetic En.   Total Energy  Conserved En.
    1.16156e+03   -7.35208e+05    1.43751e+05   -5.91456e+05   -7.02853e+05
    Temperature Pressure (bar)   Constr. rmsd
    2.98828e+02   -9.21438e+02    3.62168e-06

           Step           Time
          21000       42.00000

   Energies (kJ/mol)
           Bond            U-B    Proper Dih.  Improper Dih.      CMAP Dih.
    3.22783e+03    8.96878e+03    9.69969e+03    5.06464e+02   -2.90485e+02
          LJ-14     Coulomb-14        LJ (SR)   Coulomb (SR)   Coul. recip.
    3.36508e+03    3.87225e+04    6.95680e+04   -8.71734e+05    2.76648e+03
 Position Rest.      Potential    Kinetic En.   Total Energy  Conserved En.
    1.11602e+03   -7.34084e+05    1.44483e+05   -5.89600e+05   -7.02836e+05
    Temperature Pressure (bar)   Constr. rmsd
    3.00350e+02   -4.56151e+02    3.43984e-06

           Step           Time
          21500       43.00000

   Energies (kJ/mol)
           Bond            U-B    Proper Dih.  Improper Dih.      CMAP Dih.
    3.09986e+03    8.66560e+03    9.62271e+03    4.77728e+02   -2.99122e+02
          LJ-14     Coulomb-14        LJ (SR)   Coulomb (SR)   Coul. recip.
    3.51477e+03    3.88348e+04    6.82568e+04   -8.71181e+05    2.76428e+03
 Position Rest.      Potential    Kinetic En.   Total Energy  Conserved En.
    1.12965e+03   -7.35114e+05    1.43372e+05   -5.91742e+05   -7.02838e+05
    Temperature Pressure (bar)   Constr. rmsd
    2.98040e+02   -7.85252e+02    3.19231e-06

           Step           Time
          22000       44.00000

   Energies (kJ/mol)
           Bond            U-B    Proper Dih.  Improper Dih.      CMAP Dih.
    3.19490e+03    8.73706e+03    9.65697e+03    5.37982e+02   -2.50560e+02
          LJ-14     Coulomb-14        LJ (SR)   Coulomb (SR)   Coul. recip.
    3.46787e+03    3.87484e+04    6.93975e+04   -8.71879e+05    2.73117e+03
 Position Rest.      Potential    Kinetic En.   Total Energy  Conserved En.
    1.09682e+03   -7.34561e+05    1.43847e+05   -5.90714e+05   -7.02827e+05
    Temperature Pressure (bar)   Constr. rmsd
    2.99026e+02   -8.13374e+02    3.36287e-06

           Step           Time
          22500       45.00000

   Energies (kJ/mol)
           Bond            U-B    Proper Dih.  Improper Dih.      CMAP Dih.
    3.33451e+03    8.93413e+03    9.77044e+03    5.89003e+02   -3.05230e+02
          LJ-14     Coulomb-14        LJ (SR)   Coulomb (SR)   Coul. recip.
    3.41771e+03    3.87608e+04    6.90328e+04   -8.70454e+05    2.89947e+03
 Position Rest.      Potential    Kinetic En.   Total Energy  Conserved En.
    1.18393e+03   -7.32837e+05    1.45208e+05   -5.87629e+05   -7.02813e+05
    Temperature Pressure (bar)   Constr. rmsd
    3.01857e+02   -6.29187e+02    3.37071e-06

           Step           Time
          23000       46.00000

   Energies (kJ/mol)
           Bond            U-B    Proper Dih.  Improper Dih.      CMAP Dih.
    3.38608e+03    8.63077e+03    9.69675e+03    4.60322e+02   -2.80909e+02
          LJ-14     Coulomb-14        LJ (SR)   Coulomb (SR)   Coul. recip.
    3.54139e+03    3.87452e+04    6.94131e+04   -8.71414e+05    2.68352e+03
 Position Rest.      Potential    Kinetic En.   Total Energy  Conserved En.
    1.15774e+03   -7.33980e+05    1.45739e+05   -5.88241e+05   -7.02822e+05
    Temperature Pressure (bar)   Constr. rmsd
    3.02960e+02   -7.28979e+02    3.29509e-06

           Step           Time
          23500       47.00000

   Energies (kJ/mol)
           Bond            U-B    Proper Dih.  Improper Dih.      CMAP Dih.
    3.22939e+03    8.72540e+03    9.73360e+03    5.14252e+02   -3.45734e+02
          LJ-14     Coulomb-14        LJ (SR)   Coulomb (SR)   Coul. recip.
    3.29954e+03    3.87530e+04    6.91934e+04   -8.71532e+05    2.77065e+03
 Position Rest.      Potential    Kinetic En.   Total Energy  Conserved En.
    1.11822e+03   -7.34540e+05    1.43336e+05   -5.91204e+05   -7.02785e+05
    Temperature Pressure (bar)   Constr. rmsd
    2.97965e+02   -8.99272e+02    3.38736e-06

           Step           Time
          24000       48.00000

   Energies (kJ/mol)
           Bond            U-B    Proper Dih.  Improper Dih.      CMAP Dih.
    3.45061e+03    8.88835e+03    9.77566e+03    5.20582e+02   -2.66148e+02
          LJ-14     Coulomb-14        LJ (SR)   Coulomb (SR)   Coul. recip.
    3.45970e+03    3.87332e+04    6.94499e+04   -8.72532e+05    2.83421e+03
 Position Rest.      Potential    Kinetic En.   Total Energy  Conserved En.
    1.12294e+03   -7.34563e+05    1.45235e+05   -5.89329e+05   -7.02754e+05
    Temperature Pressure (bar)   Constr. rmsd
    3.01912e+02   -6.93778e+02    3.39910e-06

           Step           Time
          24500       49.00000

   Energies (kJ/mol)
           Bond            U-B    Proper Dih.  Improper Dih.      CMAP Dih.
    3.27072e+03    8.82556e+03    9.66006e+03    5.52993e+02   -2.02357e+02
          LJ-14     Coulomb-14        LJ (SR)   Coulomb (SR)   Coul. recip.
    3.42733e+03    3.87154e+04    6.93231e+04   -8.72591e+05    2.70816e+03
 Position Rest.      Potential    Kinetic En.   Total Energy  Conserved En.
    1.17825e+03   -7.35132e+05    1.45563e+05   -5.89569e+05   -7.02798e+05
    Temperature Pressure (bar)   Constr. rmsd
    3.02595e+02   -9.52389e+02    3.29582e-06

           Step           Time
          25000       50.00000

   Energies (kJ/mol)
           Bond            U-B    Proper Dih.  Improper Dih.      CMAP Dih.
    3.13664e+03    8.75333e+03    9.73798e+03    5.01937e+02   -2.71954e+02
          LJ-14     Coulomb-14        LJ (SR)   Coulomb (SR)   Coul. recip.
    3.47950e+03    3.88480e+04    6.88932e+04   -8.71330e+05    2.77459e+03
 Position Rest.      Potential    Kinetic En.   Total Energy  Conserved En.
    1.15765e+03   -7.34320e+05    1.43507e+05   -5.90813e+05   -7.02768e+05
    Temperature Pressure (bar)   Constr. rmsd
    2.98319e+02   -9.98400e+02    3.28166e-06

           Step           Time
          25500       51.00000

   Energies (kJ/mol)
           Bond            U-B    Proper Dih.  Improper Dih.      CMAP Dih.
    3.32867e+03    8.91676e+03    9.77903e+03    4.34399e+02   -2.91330e+02
          LJ-14     Coulomb-14        LJ (SR)   Coulomb (SR)   Coul. recip.
    3.42292e+03    3.87637e+04    6.95046e+04   -8.72085e+05    2.68551e+03
 Position Rest.      Potential    Kinetic En.   Total Energy  Conserved En.
    1.14892e+03   -7.34392e+05    1.45574e+05   -5.88818e+05   -7.02780e+05
    Temperature Pressure (bar)   Constr. rmsd
    3.02617e+02   -5.72963e+02    3.40077e-06

           Step           Time
          26000       52.00000

   Energies (kJ/mol)
           Bond            U-B    Proper Dih.  Improper Dih.      CMAP Dih.
    3.31837e+03    8.75716e+03    9.81399e+03    4.95670e+02   -2.55405e+02
          LJ-14     Coulomb-14        LJ (SR)   Coulomb (SR)   Coul. recip.
    3.36961e+03    3.86941e+04    6.88634e+04   -8.71271e+05    2.82865e+03
 Position Rest.      Potential    Kinetic En.   Total Energy  Conserved En.
    1.06991e+03   -7.34315e+05    1.43674e+05   -5.90642e+05   -7.02758e+05
    Temperature Pressure (bar)   Constr. rmsd
    2.98667e+02   -6.42884e+02    3.21428e-06

           Step           Time
          26500       53.00000

   Energies (kJ/mol)
           Bond            U-B    Proper Dih.  Improper Dih.      CMAP Dih.
    3.26183e+03    8.90388e+03    9.76986e+03    5.31906e+02   -2.86880e+02
          LJ-14     Coulomb-14        LJ (SR)   Coulomb (SR)   Coul. recip.
    3.45460e+03    3.88628e+04    6.84806e+04   -8.70402e+05    2.72391e+03
 Position Rest.      Potential    Kinetic En.   Total Energy  Conserved En.
    1.15361e+03   -7.33545e+05    1.44531e+05   -5.89015e+05   -7.02748e+05
    Temperature Pressure (bar)   Constr. rmsd
    3.00448e+02   -1.07922e+03    3.52608e-06

           Step           Time
          27000       54.00000

   Energies (kJ/mol)
           Bond            U-B    Proper Dih.  Improper Dih.      CMAP Dih.
    3.30765e+03    8.78689e+03    9.75006e+03    4.84439e+02   -3.41556e+02
          LJ-14     Coulomb-14        LJ (SR)   Coulomb (SR)   Coul. recip.
    3.41740e+03    3.87354e+04    7.05784e+04   -8.72678e+05    2.72029e+03
 Position Rest.      Potential    Kinetic En.   Total Energy  Conserved En.
    1.16385e+03   -7.34075e+05    1.44037e+05   -5.90038e+05   -7.02757e+05
    Temperature Pressure (bar)   Constr. rmsd
    2.99422e+02   -8.95937e+02    3.31242e-06

           Step           Time
          27500       55.00000

   Energies (kJ/mol)
           Bond            U-B    Proper Dih.  Improper Dih.      CMAP Dih.
    3.30849e+03    8.80076e+03    9.63176e+03    5.59665e+02   -2.13265e+02
          LJ-14     Coulomb-14        LJ (SR)   Coulomb (SR)   Coul. recip.
    3.40343e+03    3.85435e+04    7.05760e+04   -8.73830e+05    2.81199e+03
 Position Rest.      Potential    Kinetic En.   Total Energy  Conserved En.
    1.24247e+03   -7.35165e+05    1.44197e+05   -5.90967e+05   -7.02727e+05
    Temperature Pressure (bar)   Constr. rmsd
    2.99756e+02   -5.59585e+02    3.29192e-06

           Step           Time
          28000       56.00000

   Energies (kJ/mol)
           Bond            U-B    Proper Dih.  Improper Dih.      CMAP Dih.
    3.24146e+03    8.75630e+03    9.72851e+03    4.81529e+02   -2.94533e+02
          LJ-14     Coulomb-14        LJ (SR)   Coulomb (SR)   Coul. recip.
    3.41031e+03    3.87149e+04    6.92574e+04   -8.72103e+05    2.79272e+03
 Position Rest.      Potential    Kinetic En.   Total Energy  Conserved En.
    1.20958e+03   -7.34805e+05    1.44363e+05   -5.90442e+05   -7.02742e+05
    Temperature Pressure (bar)   Constr. rmsd
    3.00099e+02   -1.08573e+03    3.39771e-06

           Step           Time
          28500       57.00000

   Energies (kJ/mol)
           Bond            U-B    Proper Dih.  Improper Dih.      CMAP Dih.
    3.29399e+03    8.76179e+03    9.66243e+03    4.56850e+02   -2.66371e+02
          LJ-14     Coulomb-14        LJ (SR)   Coulomb (SR)   Coul. recip.
    3.50100e+03    3.85695e+04    6.94686e+04   -8.72321e+05    2.87884e+03
 Position Rest.      Potential    Kinetic En.   Total Energy  Conserved En.
    1.24244e+03   -7.34752e+05    1.44534e+05   -5.90217e+05   -7.02732e+05
    Temperature Pressure (bar)   Constr. rmsd
    3.00456e+02   -7.82549e+02    3.36587e-06

           Step           Time
          29000       58.00000

   Energies (kJ/mol)
           Bond            U-B    Proper Dih.  Improper Dih.      CMAP Dih.
    3.24568e+03    8.95771e+03    9.67735e+03    5.65410e+02   -2.39391e+02
          LJ-14     Coulomb-14        LJ (SR)   Coulomb (SR)   Coul. recip.
    3.39851e+03    3.87925e+04    6.94076e+04   -8.71290e+05    2.74131e+03
 Position Rest.      Potential    Kinetic En.   Total Energy  Conserved En.
    1.21144e+03   -7.33532e+05    1.44950e+05   -5.88582e+05   -7.02726e+05
    Temperature Pressure (bar)   Constr. rmsd
    3.01320e+02   -7.83943e+02    3.46957e-06

           Step           Time
          29500       59.00000

   Energies (kJ/mol)
           Bond            U-B    Proper Dih.  Improper Dih.      CMAP Dih.
    3.18287e+03    8.92264e+03    9.75051e+03    5.73638e+02   -2.65076e+02
          LJ-14     Coulomb-14        LJ (SR)   Coulomb (SR)   Coul. recip.
    3.43750e+03    3.90049e+04    6.79497e+04   -8.70241e+05    2.79396e+03
 Position Rest.      Potential    Kinetic En.   Total Energy  Conserved En.
    1.15279e+03   -7.33738e+05    1.45233e+05   -5.88505e+05   -7.02711e+05
    Temperature Pressure (bar)   Constr. rmsd
    3.01909e+02   -6.78812e+02    3.32978e-06

           Step           Time
          30000       60.00000

   Energies (kJ/mol)
           Bond            U-B    Proper Dih.  Improper Dih.      CMAP Dih.
    3.15881e+03    8.78730e+03    9.69003e+03    4.87519e+02   -3.32893e+02
          LJ-14     Coulomb-14        LJ (SR)   Coulomb (SR)   Coul. recip.
    3.36395e+03    3.85907e+04    6.79637e+04   -8.70460e+05    2.82039e+03
 Position Rest.      Potential    Kinetic En.   Total Energy  Conserved En.
    1.20745e+03   -7.34723e+05    1.43533e+05   -5.91190e+05   -7.02704e+05
    Temperature Pressure (bar)   Constr. rmsd
    2.98374e+02   -6.42973e+02    3.65118e-06

           Step           Time
          30500       61.00000

   Energies (kJ/mol)
           Bond            U-B    Proper Dih.  Improper Dih.      CMAP Dih.
    3.16862e+03    8.69258e+03    9.75928e+03    4.94214e+02   -2.67059e+02
          LJ-14     Coulomb-14        LJ (SR)   Coulomb (SR)   Coul. recip.
    3.52160e+03    3.89006e+04    7.01693e+04   -8.72240e+05    2.84002e+03
 Position Rest.      Potential    Kinetic En.   Total Energy  Conserved En.
    1.11907e+03   -7.33842e+05    1.44173e+05   -5.89669e+05   -7.02680e+05
    Temperature Pressure (bar)   Constr. rmsd
    2.99704e+02   -2.69016e+02    3.25643e-06

           Step           Time
          31000       62.00000

   Energies (kJ/mol)
           Bond            U-B    Proper Dih.  Improper Dih.      CMAP Dih.
    3.47995e+03    8.99867e+03    9.68632e+03    5.73439e+02   -3.09545e+02
          LJ-14     Coulomb-14        LJ (SR)   Coulomb (SR)   Coul. recip.
    3.41345e+03    3.86363e+04    7.05594e+04   -8.72133e+05    2.75651e+03
 Position Rest.      Potential    Kinetic En.   Total Energy  Conserved En.
    1.13518e+03   -7.33203e+05    1.44858e+05   -5.88345e+05   -7.02660e+05
    Temperature Pressure (bar)   Constr. rmsd
    3.01129e+02   -4.79615e+02    3.31849e-06

           Step           Time
          31500       63.00000

   Energies (kJ/mol)
           Bond            U-B    Proper Dih.  Improper Dih.      CMAP Dih.
    3.25203e+03    8.72322e+03    9.64758e+03    5.46597e+02   -3.28982e+02
          LJ-14     Coulomb-14        LJ (SR)   Coulomb (SR)   Coul. recip.
    3.47897e+03    3.87920e+04    6.96221e+04   -8.72079e+05    2.69895e+03
 Position Rest.      Potential    Kinetic En.   Total Energy  Conserved En.
    1.08653e+03   -7.34560e+05    1.43223e+05   -5.91337e+05   -7.02669e+05
    Temperature Pressure (bar)   Constr. rmsd
    2.97731e+02   -8.97931e+02    3.32376e-06

Writing checkpoint, step 31920 at Tue Feb 18 12:41:34 2020


           Step           Time
          32000       64.00000

   Energies (kJ/mol)
           Bond            U-B    Proper Dih.  Improper Dih.      CMAP Dih.
    3.32108e+03    8.94889e+03    9.77216e+03    4.67858e+02   -2.83087e+02
          LJ-14     Coulomb-14        LJ (SR)   Coulomb (SR)   Coul. recip.
    3.41120e+03    3.85463e+04    6.92755e+04   -8.71778e+05    2.73042e+03
 Position Rest.      Potential    Kinetic En.   Total Energy  Conserved En.
    1.24509e+03   -7.34343e+05    1.44954e+05   -5.89389e+05   -7.02644e+05
    Temperature Pressure (bar)   Constr. rmsd
    3.01329e+02   -7.21816e+02    3.35612e-06

           Step           Time
          32500       65.00000

   Energies (kJ/mol)
           Bond            U-B    Proper Dih.  Improper Dih.      CMAP Dih.
    3.33075e+03    9.28394e+03    9.87010e+03    5.17370e+02   -2.90441e+02
          LJ-14     Coulomb-14        LJ (SR)   Coulomb (SR)   Coul. recip.
    3.38936e+03    3.84431e+04    6.93656e+04   -8.70529e+05    2.78688e+03
 Position Rest.      Potential    Kinetic En.   Total Energy  Conserved En.
    1.12974e+03   -7.32703e+05    1.44444e+05   -5.88259e+05   -7.02622e+05
    Temperature Pressure (bar)   Constr. rmsd
    3.00269e+02   -3.26838e+02    3.47265e-06

           Step           Time
          33000       66.00000

   Energies (kJ/mol)
           Bond            U-B    Proper Dih.  Improper Dih.      CMAP Dih.
    3.25418e+03    8.61937e+03    9.78704e+03    5.36549e+02   -2.73367e+02
          LJ-14     Coulomb-14        LJ (SR)   Coulomb (SR)   Coul. recip.
    3.41774e+03    3.86608e+04    6.99171e+04   -8.72907e+05    2.82389e+03
 Position Rest.      Potential    Kinetic En.   Total Energy  Conserved En.
    1.22767e+03   -7.34936e+05    1.44720e+05   -5.90216e+05   -7.02646e+05
    Temperature Pressure (bar)   Constr. rmsd
    3.00842e+02   -7.14083e+02    3.30798e-06

           Step           Time
          33500       67.00000

   Energies (kJ/mol)
           Bond            U-B    Proper Dih.  Improper Dih.      CMAP Dih.
    3.18338e+03    8.75989e+03    9.65001e+03    5.47041e+02   -2.62308e+02
          LJ-14     Coulomb-14        LJ (SR)   Coulomb (SR)   Coul. recip.
    3.42114e+03    3.87352e+04    6.90580e+04   -8.71125e+05    2.82629e+03
 Position Rest.      Potential    Kinetic En.   Total Energy  Conserved En.
    1.16383e+03   -7.34043e+05    1.44107e+05   -5.89936e+05   -7.02658e+05
    Temperature Pressure (bar)   Constr. rmsd
    2.99567e+02   -9.84270e+02    3.37880e-06

           Step           Time
          34000       68.00000

   Energies (kJ/mol)
           Bond            U-B    Proper Dih.  Improper Dih.      CMAP Dih.
    3.03855e+03    8.69802e+03    9.81264e+03    4.78122e+02   -3.08962e+02
          LJ-14     Coulomb-14        LJ (SR)   Coulomb (SR)   Coul. recip.
    3.34198e+03    3.87621e+04    6.92862e+04   -8.71690e+05    2.77247e+03
 Position Rest.      Potential    Kinetic En.   Total Energy  Conserved En.
    1.19966e+03   -7.34609e+05    1.43925e+05   -5.90684e+05   -7.02662e+05
    Temperature Pressure (bar)   Constr. rmsd
    2.99189e+02   -1.23441e+03    3.39085e-06

           Step           Time
          34500       69.00000

   Energies (kJ/mol)
           Bond            U-B    Proper Dih.  Improper Dih.      CMAP Dih.
    3.31312e+03    8.64105e+03    9.71186e+03    5.98865e+02   -2.94535e+02
          LJ-14     Coulomb-14        LJ (SR)   Coulomb (SR)   Coul. recip.
    3.41584e+03    3.88025e+04    7.00295e+04   -8.72799e+05    2.76741e+03
 Position Rest.      Potential    Kinetic En.   Total Energy  Conserved En.
    1.20895e+03   -7.34605e+05    1.44958e+05   -5.89647e+05   -7.02644e+05
    Temperature Pressure (bar)   Constr. rmsd
    3.01337e+02   -4.42833e+02    3.47615e-06

           Step           Time
          35000       70.00000

   Energies (kJ/mol)
           Bond            U-B    Proper Dih.  Improper Dih.      CMAP Dih.
    3.38612e+03    8.64135e+03    9.74387e+03    5.33559e+02   -2.88649e+02
          LJ-14     Coulomb-14        LJ (SR)   Coulomb (SR)   Coul. recip.
    3.38220e+03    3.87776e+04    7.01120e+04   -8.72281e+05    2.74816e+03
 Position Rest.      Potential    Kinetic En.   Total Energy  Conserved En.
    1.17072e+03   -7.34074e+05    1.43148e+05   -5.90925e+05   -7.02637e+05
    Temperature Pressure (bar)   Constr. rmsd
    2.97575e+02   -6.24834e+02    3.13685e-06

           Step           Time
          35500       71.00000

   Energies (kJ/mol)
           Bond            U-B    Proper Dih.  Improper Dih.      CMAP Dih.
    3.41582e+03    8.74904e+03    9.65535e+03    4.94080e+02   -2.59935e+02
          LJ-14     Coulomb-14        LJ (SR)   Coulomb (SR)   Coul. recip.
    3.39090e+03    3.86161e+04    6.93183e+04   -8.71591e+05    2.78360e+03
 Position Rest.      Potential    Kinetic En.   Total Energy  Conserved En.
    1.17147e+03   -7.34256e+05    1.43524e+05   -5.90732e+05   -7.02618e+05
    Temperature Pressure (bar)   Constr. rmsd
    2.98355e+02   -9.46305e+02    3.22286e-06

           Step           Time
          36000       72.00000

   Energies (kJ/mol)
           Bond            U-B    Proper Dih.  Improper Dih.      CMAP Dih.
    3.29214e+03    8.50164e+03    9.66080e+03    4.67548e+02   -3.04263e+02
          LJ-14     Coulomb-14        LJ (SR)   Coulomb (SR)   Coul. recip.
    3.42538e+03    3.89446e+04    6.97546e+04   -8.72106e+05    2.71681e+03
 Position Rest.      Potential    Kinetic En.   Total Energy  Conserved En.
    1.13987e+03   -7.34506e+05    1.44370e+05   -5.90137e+05   -7.02651e+05
    Temperature Pressure (bar)   Constr. rmsd
    3.00114e+02   -6.50295e+02    3.27005e-06

           Step           Time
          36500       73.00000

   Energies (kJ/mol)
           Bond            U-B    Proper Dih.  Improper Dih.      CMAP Dih.
    3.36919e+03    8.68418e+03    9.67667e+03    5.18938e+02   -2.75631e+02
          LJ-14     Coulomb-14        LJ (SR)   Coulomb (SR)   Coul. recip.
    3.41830e+03    3.88128e+04    6.82930e+04   -8.71313e+05    2.79735e+03
 Position Rest.      Potential    Kinetic En.   Total Energy  Conserved En.
    1.15568e+03   -7.34862e+05    1.44836e+05   -5.90027e+05   -7.02587e+05
    Temperature Pressure (bar)   Constr. rmsd
    3.01083e+02   -5.28785e+02    3.44192e-06

           Step           Time
          37000       74.00000

   Energies (kJ/mol)
           Bond            U-B    Proper Dih.  Improper Dih.      CMAP Dih.
    3.39581e+03    9.04374e+03    9.63331e+03    4.99938e+02   -3.08285e+02
          LJ-14     Coulomb-14        LJ (SR)   Coulomb (SR)   Coul. recip.
    3.42673e+03    3.86468e+04    6.99351e+04   -8.71270e+05    2.76820e+03
 Position Rest.      Potential    Kinetic En.   Total Energy  Conserved En.
    1.16910e+03   -7.33060e+05    1.44570e+05   -5.88490e+05   -7.02566e+05
    Temperature Pressure (bar)   Constr. rmsd
    3.00529e+02   -2.60221e+02    3.29706e-06

           Step           Time
          37500       75.00000

   Energies (kJ/mol)
           Bond            U-B    Proper Dih.  Improper Dih.      CMAP Dih.
    3.19895e+03    8.89843e+03    9.64494e+03    4.86743e+02   -3.26577e+02
          LJ-14     Coulomb-14        LJ (SR)   Coulomb (SR)   Coul. recip.
    3.46931e+03    3.88166e+04    6.90577e+04   -8.70968e+05    2.81236e+03
 Position Rest.      Potential    Kinetic En.   Total Energy  Conserved En.
    1.17378e+03   -7.33735e+05    1.44517e+05   -5.89219e+05   -7.02582e+05
    Temperature Pressure (bar)   Constr. rmsd
    3.00419e+02   -6.68789e+02    3.47754e-06

           Step           Time
          38000       76.00000

   Energies (kJ/mol)
           Bond            U-B    Proper Dih.  Improper Dih.      CMAP Dih.
    3.26812e+03    8.92063e+03    9.63000e+03    5.76456e+02   -2.55962e+02
          LJ-14     Coulomb-14        LJ (SR)   Coulomb (SR)   Coul. recip.
    3.43689e+03    3.84922e+04    6.86918e+04   -8.71343e+05    2.74699e+03
 Position Rest.      Potential    Kinetic En.   Total Energy  Conserved En.
    1.20419e+03   -7.34631e+05    1.43517e+05   -5.91114e+05   -7.02558e+05
    Temperature Pressure (bar)   Constr. rmsd
    2.98342e+02   -8.47139e+02    3.39476e-06

           Step           Time
          38500       77.00000

   Energies (kJ/mol)
           Bond            U-B    Proper Dih.  Improper Dih.      CMAP Dih.
    3.16426e+03    8.80290e+03    9.75018e+03    4.81949e+02   -2.69346e+02
          LJ-14     Coulomb-14        LJ (SR)   Coulomb (SR)   Coul. recip.
    3.48943e+03    3.89281e+04    7.06651e+04   -8.72967e+05    2.78041e+03
 Position Rest.      Potential    Kinetic En.   Total Energy  Conserved En.
    1.21513e+03   -7.33959e+05    1.43822e+05   -5.90137e+05   -7.02573e+05
    Temperature Pressure (bar)   Constr. rmsd
    2.98975e+02   -9.15633e+02    3.27625e-06

           Step           Time
          39000       78.00000

   Energies (kJ/mol)
           Bond            U-B    Proper Dih.  Improper Dih.      CMAP Dih.
    3.20020e+03    8.77842e+03    9.73775e+03    4.98602e+02   -2.85800e+02
          LJ-14     Coulomb-14        LJ (SR)   Coulomb (SR)   Coul. recip.
    3.47895e+03    3.87724e+04    6.93934e+04   -8.71728e+05    2.73821e+03
 Position Rest.      Potential    Kinetic En.   Total Energy  Conserved En.
    1.16698e+03   -7.34249e+05    1.45168e+05   -5.89081e+05   -7.02576e+05
    Temperature Pressure (bar)   Constr. rmsd
    3.01773e+02   -5.19862e+02    3.47801e-06

           Step           Time
          39500       79.00000

   Energies (kJ/mol)
           Bond            U-B    Proper Dih.  Improper Dih.      CMAP Dih.
    3.21321e+03    8.67939e+03    9.71538e+03    5.25723e+02   -2.75619e+02
          LJ-14     Coulomb-14        LJ (SR)   Coulomb (SR)   Coul. recip.
    3.41496e+03    3.87884e+04    6.97457e+04   -8.72759e+05    2.76041e+03
 Position Rest.      Potential    Kinetic En.   Total Energy  Conserved En.
    1.13689e+03   -7.35055e+05    1.43042e+05   -5.92012e+05   -7.02543e+05
    Temperature Pressure (bar)   Constr. rmsd
    2.97354e+02   -7.12452e+02    3.35023e-06

           Step           Time
          40000       80.00000

   Energies (kJ/mol)
           Bond            U-B    Proper Dih.  Improper Dih.      CMAP Dih.
    3.12363e+03    9.04672e+03    9.68359e+03    4.64875e+02   -2.57149e+02
          LJ-14     Coulomb-14        LJ (SR)   Coulomb (SR)   Coul. recip.
    3.44502e+03    3.84888e+04    6.89415e+04   -8.71523e+05    2.76959e+03
 Position Rest.      Potential    Kinetic En.   Total Energy  Conserved En.
    1.14831e+03   -7.34668e+05    1.42661e+05   -5.92008e+05   -7.02511e+05
    Temperature Pressure (bar)   Constr. rmsd
    2.96561e+02   -5.17566e+02    3.38134e-06

           Step           Time
          40500       81.00000

   Energies (kJ/mol)
           Bond            U-B    Proper Dih.  Improper Dih.      CMAP Dih.
    3.14484e+03    8.84730e+03    9.74537e+03    5.41985e+02   -2.96995e+02
          LJ-14     Coulomb-14        LJ (SR)   Coulomb (SR)   Coul. recip.
    3.46807e+03    3.87976e+04    6.92485e+04   -8.71880e+05    2.71550e+03
 Position Rest.      Potential    Kinetic En.   Total Energy  Conserved En.
    1.16127e+03   -7.34507e+05    1.45925e+05   -5.88582e+05   -7.02563e+05
    Temperature Pressure (bar)   Constr. rmsd
    3.03347e+02   -9.06321e+02    3.25330e-06

           Step           Time
          41000       82.00000

   Energies (kJ/mol)
           Bond            U-B    Proper Dih.  Improper Dih.      CMAP Dih.
    3.09428e+03    8.74704e+03    9.72693e+03    5.29337e+02   -2.99519e+02
          LJ-14     Coulomb-14        LJ (SR)   Coulomb (SR)   Coul. recip.
    3.47395e+03    3.85842e+04    6.89946e+04   -8.71700e+05    2.79451e+03
 Position Rest.      Potential    Kinetic En.   Total Energy  Conserved En.
    1.10088e+03   -7.34953e+05    1.43689e+05   -5.91264e+05   -7.02546e+05
    Temperature Pressure (bar)   Constr. rmsd
    2.98699e+02   -8.66032e+02    3.36139e-06

           Step           Time
          41500       83.00000

   Energies (kJ/mol)
           Bond            U-B    Proper Dih.  Improper Dih.      CMAP Dih.
    3.11543e+03    8.55591e+03    9.75516e+03    5.23602e+02   -3.13757e+02
          LJ-14     Coulomb-14        LJ (SR)   Coulomb (SR)   Coul. recip.
    3.45139e+03    3.85553e+04    6.92240e+04   -8.71822e+05    2.83248e+03
 Position Rest.      Potential    Kinetic En.   Total Energy  Conserved En.
    1.14328e+03   -7.34980e+05    1.43964e+05   -5.91016e+05   -7.02544e+05
    Temperature Pressure (bar)   Constr. rmsd
    2.99270e+02   -7.59161e+02    3.39448e-06

           Step           Time
          42000       84.00000

   Energies (kJ/mol)
           Bond            U-B    Proper Dih.  Improper Dih.      CMAP Dih.
    3.35979e+03    8.68750e+03    9.66547e+03    4.70801e+02   -2.81496e+02
          LJ-14     Coulomb-14        LJ (SR)   Coulomb (SR)   Coul. recip.
    3.56902e+03    3.87487e+04    6.77940e+04   -8.70271e+05    2.80723e+03
 Position Rest.      Potential    Kinetic En.   Total Energy  Conserved En.
    1.16380e+03   -7.34286e+05    1.44702e+05   -5.89584e+05   -7.02515e+05
    Temperature Pressure (bar)   Constr. rmsd
    3.00805e+02   -1.17567e+03    3.46242e-06

           Step           Time
          42500       85.00000

   Energies (kJ/mol)
           Bond            U-B    Proper Dih.  Improper Dih.      CMAP Dih.
    3.36983e+03    8.52256e+03    9.84811e+03    5.15534e+02   -2.47327e+02
          LJ-14     Coulomb-14        LJ (SR)   Coulomb (SR)   Coul. recip.
    3.50263e+03    3.86990e+04    6.96467e+04   -8.70565e+05    2.78732e+03
 Position Rest.      Potential    Kinetic En.   Total Energy  Conserved En.
    1.23802e+03   -7.32683e+05    1.44075e+05   -5.88608e+05   -7.02498e+05
    Temperature Pressure (bar)   Constr. rmsd
    2.99501e+02   -8.97125e+02    3.18821e-06

           Step           Time
          43000       86.00000

   Energies (kJ/mol)
           Bond            U-B    Proper Dih.  Improper Dih.      CMAP Dih.
    3.27651e+03    8.96668e+03    9.61877e+03    4.71848e+02   -2.50152e+02
          LJ-14     Coulomb-14        LJ (SR)   Coulomb (SR)   Coul. recip.
    3.44452e+03    3.86393e+04    7.01775e+04   -8.72045e+05    2.73734e+03
 Position Rest.      Potential    Kinetic En.   Total Energy  Conserved En.
    1.18620e+03   -7.33777e+05    1.43518e+05   -5.90258e+05   -7.02500e+05
    Temperature Pressure (bar)   Constr. rmsd
    2.98344e+02   -5.76410e+02    3.33595e-06

           Step           Time
          43500       87.00000

   Energies (kJ/mol)
           Bond            U-B    Proper Dih.  Improper Dih.      CMAP Dih.
    3.19330e+03    8.69002e+03    9.75309e+03    5.03284e+02   -2.75545e+02
          LJ-14     Coulomb-14        LJ (SR)   Coulomb (SR)   Coul. recip.
    3.48824e+03    3.88465e+04    6.85127e+04   -8.71625e+05    2.80770e+03
 Position Rest.      Potential    Kinetic En.   Total Energy  Conserved En.
    1.17373e+03   -7.34932e+05    1.44596e+05   -5.90336e+05   -7.02502e+05
    Temperature Pressure (bar)   Constr. rmsd
    3.00583e+02   -9.39689e+02    3.35409e-06

           Step           Time
          44000       88.00000

   Energies (kJ/mol)
           Bond            U-B    Proper Dih.  Improper Dih.      CMAP Dih.
    3.20012e+03    8.95638e+03    9.69677e+03    5.15233e+02   -2.88645e+02
          LJ-14     Coulomb-14        LJ (SR)   Coulomb (SR)   Coul. recip.
    3.40075e+03    3.89415e+04    6.84832e+04   -8.70094e+05    2.70188e+03
 Position Rest.      Potential    Kinetic En.   Total Energy  Conserved En.
    1.14268e+03   -7.33345e+05    1.44618e+05   -5.88727e+05   -7.02487e+05
    Temperature Pressure (bar)   Constr. rmsd
    3.00629e+02   -1.13212e+03    3.44318e-06

           Step           Time
          44500       89.00000

   Energies (kJ/mol)
           Bond            U-B    Proper Dih.  Improper Dih.      CMAP Dih.
    3.36201e+03    8.94552e+03    9.74441e+03    5.55250e+02   -2.59431e+02
          LJ-14     Coulomb-14        LJ (SR)   Coulomb (SR)   Coul. recip.
    3.43039e+03    3.88264e+04    6.89306e+04   -8.70716e+05    2.73041e+03
 Position Rest.      Potential    Kinetic En.   Total Energy  Conserved En.
    1.14478e+03   -7.33305e+05    1.44164e+05   -5.89141e+05   -7.02468e+05
    Temperature Pressure (bar)   Constr. rmsd
    2.99686e+02   -7.37887e+02    3.26581e-06

           Step           Time
          45000       90.00000

   Energies (kJ/mol)
           Bond            U-B    Proper Dih.  Improper Dih.      CMAP Dih.
    3.27091e+03    8.61463e+03    9.73558e+03    5.95268e+02   -3.32137e+02
          LJ-14     Coulomb-14        LJ (SR)   Coulomb (SR)   Coul. recip.
    3.39890e+03    3.86945e+04    6.98184e+04   -8.71285e+05    2.73005e+03
 Position Rest.      Potential    Kinetic En.   Total Energy  Conserved En.
    1.16625e+03   -7.33592e+05    1.42676e+05   -5.90916e+05   -7.02454e+05
    Temperature Pressure (bar)   Constr. rmsd
    2.96593e+02   -3.56260e+02    3.44778e-06

           Step           Time
          45500       91.00000

   Energies (kJ/mol)
           Bond            U-B    Proper Dih.  Improper Dih.      CMAP Dih.
    3.26308e+03    9.02835e+03    9.69024e+03    5.48833e+02   -2.72777e+02
          LJ-14     Coulomb-14        LJ (SR)   Coulomb (SR)   Coul. recip.
    3.47240e+03    3.84899e+04    6.76362e+04   -8.69038e+05    2.77178e+03
 Position Rest.      Potential    Kinetic En.   Total Energy  Conserved En.
    1.14299e+03   -7.33267e+05    1.44759e+05   -5.88508e+05   -7.02441e+05
    Temperature Pressure (bar)   Constr. rmsd
    3.00923e+02   -1.22422e+03    3.41796e-06

           Step           Time
          46000       92.00000

   Energies (kJ/mol)
           Bond            U-B    Proper Dih.  Improper Dih.      CMAP Dih.
    3.25012e+03    8.85982e+03    9.69940e+03    5.39147e+02   -3.38823e+02
          LJ-14     Coulomb-14        LJ (SR)   Coulomb (SR)   Coul. recip.
    3.49802e+03    3.85320e+04    6.99953e+04   -8.73641e+05    2.76167e+03
 Position Rest.      Potential    Kinetic En.   Total Energy  Conserved En.
    1.17206e+03   -7.35672e+05    1.44382e+05   -5.91290e+05   -7.02438e+05
    Temperature Pressure (bar)   Constr. rmsd
    3.00139e+02   -9.54412e+02    3.16606e-06

           Step           Time
          46500       93.00000

   Energies (kJ/mol)
           Bond            U-B    Proper Dih.  Improper Dih.      CMAP Dih.
    3.19589e+03    8.96617e+03    9.72457e+03    5.10750e+02   -2.45396e+02
          LJ-14     Coulomb-14        LJ (SR)   Coulomb (SR)   Coul. recip.
    3.45273e+03    3.85162e+04    6.95683e+04   -8.72086e+05    2.76887e+03
 Position Rest.      Potential    Kinetic En.   Total Energy  Conserved En.
    1.16080e+03   -7.34467e+05    1.44004e+05   -5.90464e+05   -7.02424e+05
    Temperature Pressure (bar)   Constr. rmsd
    2.99353e+02   -5.40308e+02    3.13084e-06

           Step           Time
          47000       94.00000

   Energies (kJ/mol)
           Bond            U-B    Proper Dih.  Improper Dih.      CMAP Dih.
    3.45717e+03    8.81214e+03    9.65470e+03    4.92923e+02   -2.62856e+02
          LJ-14     Coulomb-14        LJ (SR)   Coulomb (SR)   Coul. recip.
    3.47707e+03    3.86840e+04    6.90268e+04   -8.70825e+05    2.74664e+03
 Position Rest.      Potential    Kinetic En.   Total Energy  Conserved En.
    1.12858e+03   -7.33608e+05    1.44749e+05   -5.88859e+05   -7.02411e+05
    Temperature Pressure (bar)   Constr. rmsd
    3.00902e+02   -9.75658e+02    3.15700e-06

           Step           Time
          47500       95.00000

   Energies (kJ/mol)
           Bond            U-B    Proper Dih.  Improper Dih.      CMAP Dih.
    3.14656e+03    8.95559e+03    9.80697e+03    4.80553e+02   -3.02220e+02
          LJ-14     Coulomb-14        LJ (SR)   Coulomb (SR)   Coul. recip.
    3.42825e+03    3.91990e+04    6.85642e+04   -8.71782e+05    2.75645e+03
 Position Rest.      Potential    Kinetic En.   Total Energy  Conserved En.
    1.16608e+03   -7.34581e+05    1.45411e+05   -5.89170e+05   -7.02425e+05
    Temperature Pressure (bar)   Constr. rmsd
    3.02279e+02   -6.82750e+02    3.06516e-06

Writing checkpoint, step 47840 at Tue Feb 18 12:56:31 2020


           Step           Time
          48000       96.00000

   Energies (kJ/mol)
           Bond            U-B    Proper Dih.  Improper Dih.      CMAP Dih.
    3.10086e+03    9.07608e+03    9.62237e+03    5.26421e+02   -3.06648e+02
          LJ-14     Coulomb-14        LJ (SR)   Coulomb (SR)   Coul. recip.
    3.50961e+03    3.88443e+04    6.91391e+04   -8.71393e+05    2.74676e+03
 Position Rest.      Potential    Kinetic En.   Total Energy  Conserved En.
    1.10640e+03   -7.34027e+05    1.44095e+05   -5.89933e+05   -7.02411e+05
    Temperature Pressure (bar)   Constr. rmsd
    2.99542e+02   -6.75482e+02    3.34274e-06

           Step           Time
          48500       97.00000

   Energies (kJ/mol)
           Bond            U-B    Proper Dih.  Improper Dih.      CMAP Dih.
    3.34927e+03    8.96141e+03    9.76835e+03    4.85515e+02   -2.63310e+02
          LJ-14     Coulomb-14        LJ (SR)   Coulomb (SR)   Coul. recip.
    3.37530e+03    3.85205e+04    7.02476e+04   -8.71980e+05    2.82862e+03
 Position Rest.      Potential    Kinetic En.   Total Energy  Conserved En.
    1.20881e+03   -7.33498e+05    1.44446e+05   -5.89052e+05   -7.02398e+05
    Temperature Pressure (bar)   Constr. rmsd
    3.00272e+02   -1.00832e+03    3.38477e-06

           Step           Time
          49000       98.00000

   Energies (kJ/mol)
           Bond            U-B    Proper Dih.  Improper Dih.      CMAP Dih.
    3.22336e+03    8.78833e+03    9.84734e+03    5.14637e+02   -2.56884e+02
          LJ-14     Coulomb-14        LJ (SR)   Coulomb (SR)   Coul. recip.
    3.42338e+03    3.87562e+04    6.86519e+04   -8.71633e+05    2.78462e+03
 Position Rest.      Potential    Kinetic En.   Total Energy  Conserved En.
    1.19780e+03   -7.34702e+05    1.44853e+05   -5.89849e+05   -7.02423e+05
    Temperature Pressure (bar)   Constr. rmsd
    3.01118e+02   -1.15584e+03    3.34293e-06

           Step           Time
          49500       99.00000

   Energies (kJ/mol)
           Bond            U-B    Proper Dih.  Improper Dih.      CMAP Dih.
    3.36854e+03    9.01420e+03    9.77488e+03    5.61387e+02   -2.65559e+02
          LJ-14     Coulomb-14        LJ (SR)   Coulomb (SR)   Coul. recip.
    3.42102e+03    3.85584e+04    6.80911e+04   -8.70877e+05    2.75495e+03
 Position Rest.      Potential    Kinetic En.   Total Energy  Conserved En.
    1.19188e+03   -7.34406e+05    1.45119e+05   -5.89287e+05   -7.02382e+05
    Temperature Pressure (bar)   Constr. rmsd
    3.01672e+02   -5.92727e+02    3.69525e-06

           Step           Time
          50000      100.00000

Writing checkpoint, step 50000 at Tue Feb 18 12:58:33 2020


   Energies (kJ/mol)
           Bond            U-B    Proper Dih.  Improper Dih.      CMAP Dih.
    3.16267e+03    8.87754e+03    9.78638e+03    4.88697e+02   -3.08002e+02
          LJ-14     Coulomb-14        LJ (SR)   Coulomb (SR)   Coul. recip.
    3.41541e+03    3.88185e+04    6.90992e+04   -8.70393e+05    2.83095e+03
 Position Rest.      Potential    Kinetic En.   Total Energy  Conserved En.
    1.11366e+03   -7.33108e+05    1.44198e+05   -5.88910e+05   -7.02406e+05
    Temperature Pressure (bar)   Constr. rmsd
    2.99757e+02   -9.33157e+02    3.50823e-06

	<======  ###############  ==>
	<====  A V E R A G E S  ====>
	<==  ###############  ======>

	Statistics over 50001 steps using 501 frames

   Energies (kJ/mol)
           Bond            U-B    Proper Dih.  Improper Dih.      CMAP Dih.
    3.23620e+03    8.79555e+03    9.73752e+03    5.07722e+02   -2.85579e+02
          LJ-14     Coulomb-14        LJ (SR)   Coulomb (SR)   Coul. recip.
    3.44906e+03    3.87271e+04    6.94591e+04   -8.72173e+05    2.77138e+03
 Position Rest.      Potential    Kinetic En.   Total Energy  Conserved En.
    1.17760e+03   -7.34597e+05    1.44234e+05   -5.90363e+05   -7.02782e+05
    Temperature Pressure (bar)   Constr. rmsd
    2.99832e+02   -7.51740e+02    0.00000e+00

   Total Virial (kJ/mol)
    6.28544e+04    3.43428e+01   -3.89291e+02
    8.49838e+02    5.87698e+04    4.46711e+02
   -3.91293e+02    1.79739e+02    6.25044e+04

   Pressure (bar)
   -8.33792e+02    2.15353e-01    2.25033e+01
   -4.58845e+01   -6.04850e+02   -2.53355e+01
    2.26164e+01   -1.02437e+01   -8.16577e+02

T-Protein_PhlorT-Water_and_ions
    2.99821e+02    2.99833e+02


	M E G A - F L O P S   A C C O U N T I N G

 NB=Group-cutoff nonbonded kernels    NxN=N-by-N cluster Verlet kernels
 RF=Reaction-Field  VdW=Van der Waals  QSTab=quadratic-spline table
 W3=SPC/TIP3p  W4=TIP4p (single or pairs)
 V&F=Potential and force  V=Potential only  F=Force only

 Computing:                               M-Number         M-Flops  % Flops
-----------------------------------------------------------------------------
 Pair Search distance check           16112.837720      145015.539     0.1
 NxN QSTab Elec. + LJ [F]           2115784.822368   112136595.586    93.0
 NxN QSTab Elec. + LJ [V&F]           21414.357848     1734562.986     1.4
 NxN QSTab Elec. [F]                  33060.793392     1124066.975     0.9
 NxN QSTab Elec. [V&F]                  334.665256       13721.275     0.0
 1,4 nonbonded interactions             507.160143       45644.413     0.0
 Calc Weights                          8532.470646      307168.943     0.3
 Spread Q Bspline                    182026.040448      364052.081     0.3
 Gather F Bspline                    182026.040448     1092156.243     0.9
 3D-FFT                              382774.155330     3062193.243     2.5
 Solve PME                              180.003600       11520.230     0.0
 Shift-X                                 35.608132         213.649     0.0
 Bonds                                   99.951999        5897.168     0.0
 Propers                                500.610012      114639.693     0.1
 Impropers                               29.950599        6229.725     0.0
 Pos. Restr.                             97.351947        4867.597     0.0
 Virial                                  28.520427         513.368     0.0
 Stop-CM                                 28.554764         285.548     0.0
 Calc-Ekin                              284.523764        7682.142     0.0
 Lincs                                   95.655739        5739.344     0.0
 Lincs-Mat                              487.229232        1948.917     0.0
 Constraint-V                          2842.213684       22737.709     0.0
 Constraint-Vir                          27.519429         660.466     0.0
 Settle                                 883.653016      285419.924     0.2
 CMAP                                    11.750235       19975.399     0.0
 Urey-Bradley                           352.257045       64463.039     0.1
-----------------------------------------------------------------------------
 Total                                               120577971.203   100.0
-----------------------------------------------------------------------------


     R E A L   C Y C L E   A N D   T I M E   A C C O U N T I N G

On 1 MPI rank, each using 8 OpenMP threads

 Computing:          Num   Num      Call    Wall time         Giga-Cycles
                     Ranks Threads  Count      (s)         total sum    %
-----------------------------------------------------------------------------
 Neighbor search        1    8        626      18.559        416.669   0.7
 Force                  1    8      50001    2322.503      52142.300  82.2
 PME mesh               1    8      50001     394.403       8854.714  14.0
 NB X/F buffer ops.     1    8      99376      36.743        824.909   1.3
 Write traj.            1    8        104       1.722         38.667   0.1
 Update                 1    8      50001      33.956        762.342   1.2
 Constraints            1    8      50003      14.297        320.984   0.5
 Rest                                           2.453         55.071   0.1
-----------------------------------------------------------------------------
 Total                                       2824.637      63415.656 100.0
-----------------------------------------------------------------------------
 Breakdown of PME mesh computation
-----------------------------------------------------------------------------
 PME spread             1    8      50001     178.366       4004.471   6.3
 PME gather             1    8      50001     131.850       2960.148   4.7
 PME 3D-FFT             1    8     100002      77.544       1740.923   2.7
 PME solve Elec         1    8      50001       5.997        134.635   0.2
-----------------------------------------------------------------------------

               Core t (s)   Wall t (s)        (%)
       Time:    22597.095     2824.637      800.0
                         47:04
                 (ns/day)    (hour/ns)
Performance:        3.059        7.846
Finished mdrun on rank 0 Tue Feb 18 12:58:33 2020

